Failing tests (first 50 lines of messages):

1) tests/docs/test_documentation_provenance_bundle.py::test_bundle_contents_and_hash
AssertionError: expected 'docs/readme_integrity.json' inside bundle.

2) tests/forensics/test_mirror_integrity_anchor.py::test_anchor_chain_continuity
FileNotFoundError: mirrors/anchor_chain.json not found after two mirrors.

3) tests/forensics/test_snapshot_ledger_state.py::test_snapshot_creation_hash_and_prune
AssertionError: expected 10 ledger_snapshot_*.tar.gz files, found 0.

4) tests/forensics/test_verify_cold_storage.py::test_cold_storage_verification_logs_and_markers
FileNotFoundError: forensics/verification_log.jsonl not found after verify.
